生成启动时间为 2017/7/6 12:53:04。
     1>项目“D:\c++ program\2017_7_6_dllinit2\2017_7_6_dllinit2\2017_7_6_dllinit2.vcxproj”在节点 2 上(Build 个目标)。
     1>ClCompile:
         C:\Program Files (x86)\Microsoft Visual Studio 12.0\VC\bin\CL.exe /c /ZI /nologo /W3 /WX- /sdl /Od /Oy- /D WIN32 /D _DEBUG /D _WINDOWS /D _USRDLL /D MY2017_7_6_DLLINIT2_EXPORTS /D _WINDLL /D _UNICODE /D UNICODE /Gm /EHsc /RTC1 /MDd /GS /fp:precise /Zc:wchar_t /Zc:forScope /Yc"stdafx.h" /Fp"Debug\2017_7_6_dllinit2.pch" /Fo"Debug\\" /Fd"Debug\vc120.pdb" /Gd /TP /analyze- /errorReport:prompt stdafx.cpp
         stdafx.cpp
         C:\Program Files (x86)\Microsoft Visual Studio 12.0\VC\bin\CL.exe /c /ZI /nologo /W3 /WX- /sdl /Od /Oy- /D WIN32 /D _DEBUG /D _WINDOWS /D _USRDLL /D MY2017_7_6_DLLINIT2_EXPORTS /D _WINDLL /D _UNICODE /D UNICODE /Gm /EHsc /RTC1 /MDd /GS /fp:precise /Zc:wchar_t /Zc:forScope /Yu"stdafx.h" /Fp"Debug\2017_7_6_dllinit2.pch" /Fo"Debug\\" /Fd"Debug\vc120.pdb" /Gd /TP /analyze- /errorReport:prompt 2017_7_6_dllinit2.cpp dllinit.cpp
         dllinit.cpp
         2017_7_6_dllinit2.cpp
         正在生成代码...
         C:\Program Files (x86)\Microsoft Visual Studio 12.0\VC\bin\CL.exe /c /ZI /nologo /W3 /WX- /sdl /Od /Oy- /D WIN32 /D _DEBUG /D _WINDOWS /D _USRDLL /D MY2017_7_6_DLLINIT2_EXPORTS /D _WINDLL /D _UNICODE /D UNICODE /Gm /EHsc /RTC1 /MDd /GS /fp:precise /Zc:wchar_t /Zc:forScope /Fo"Debug\\" /Fd"Debug\vc120.pdb" /Gd /TP /analyze- /errorReport:prompt dllmain.cpp
         dllmain.cpp
       Link:
         C:\Program Files (x86)\Microsoft Visual Studio 12.0\VC\bin\link.exe /ERRORREPORT:PROMPT /OUT:"D:\c++ program\2017_7_6_dllinit2\Debug\2017_7_6_dllinit2.dll" /INCREMENTAL /NOLOGO kernel32.lib user32.lib gdi32.lib winspool.lib comdlg32.lib advapi32.lib shell32.lib ole32.lib oleaut32.lib uuid.lib odbc32.lib odbccp32.lib /MANIFEST /MANIFESTUAC:"level='asInvoker' uiAccess='false'" /manifest:embed /DEBUG /PDB:"D:\c++ program\2017_7_6_dllinit2\Debug\2017_7_6_dllinit2.pdb" /SUBSYSTEM:WINDOWS /TLBID:1 /DYNAMICBASE /NXCOMPAT /IMPLIB:"D:\c++ program\2017_7_6_dllinit2\Debug\2017_7_6_dllinit2.lib" /MACHINE:X86 /DLL Debug\2017_7_6_dllinit2.obj
         Debug\dllinit.obj
         Debug\dllmain.obj
         Debug\stdafx.obj
            正在创建库 D:\c++ program\2017_7_6_dllinit2\Debug\2017_7_6_dllinit2.lib 和对象 D:\c++ program\2017_7_6_dllinit2\Debug\2017_7_6_dllinit2.exp
         2017_7_6_dllinit2.vcxproj -> D:\c++ program\2017_7_6_dllinit2\Debug\2017_7_6_dllinit2.dll
     1>已完成生成项目“D:\c++ program\2017_7_6_dllinit2\2017_7_6_dllinit2\2017_7_6_dllinit2.vcxproj”(Build 个目标)的操作。

生成成功。

已用时间 00:00:02.11
